Base path: 'C:/Program Files/Unity/Hub/Editor/2019.4.10f1/Editor/Data', plugins path 'C:/Program Files/Unity/Hub/Editor/2019.4.10f1/Editor/Data/PlaybackEngines'
Cmd: initializeCompiler
Cmd: preprocessCompute
  insize=7224 outsize=7226 ok=1
Cmd: preprocessCompute
  insize=6842 outsize=6844 ok=1
Cmd: preprocess
  insize=38601 outsize=618 ok=1
Cmd: preprocessCompute
  insize=7696 outsize=7698 ok=1
Cmd: preprocessCompute
  insize=6243 outsize=6245 ok=1
Cmd: preprocess
  insize=38615 outsize=618 ok=1
Cmd: preprocessCompute
  insize=6374 outsize=6376 ok=1
Cmd: preprocessCompute
  insize=5816 outsize=5818 ok=1
Cmd: preprocess
  insize=39499 outsize=630 ok=1
Cmd: preprocessCompute
  insize=1968 outsize=1970 ok=1
Cmd: preprocessCompute
  insize=6340 outsize=6342 ok=1
Cmd: preprocessCompute
  insize=5816 outsize=5818 ok=1
Cmd: preprocess
  insize=39499 outsize=630 ok=1
Cmd: preprocessCompute
  insize=1968 outsize=1970 ok=1
Cmd: preprocessCompute
  insize=6338 outsize=6340 ok=1
Cmd: preprocessCompute
  insize=5776 outsize=5778 ok=1
Cmd: preprocess
  insize=39410 outsize=616 ok=1
Cmd: preprocessCompute
  insize=6338 outsize=6340 ok=1
Cmd: preprocessCompute
  insize=5776 outsize=5778 ok=1
Cmd: preprocess
  insize=39410 outsize=616 ok=1
Cmd: preprocessCompute
  insize=6338 outsize=6340 ok=1
Cmd: preprocessCompute
  insize=5776 outsize=5778 ok=1
Cmd: preprocess
  insize=39410 outsize=616 ok=1
Cmd: preprocessCompute
  insize=6346 outsize=6348 ok=1
Cmd: preprocessCompute
  insize=5804 outsize=5806 ok=1
Cmd: preprocess
  insize=39446 outsize=617 ok=1
Cmd: preprocessCompute
  insize=6346 outsize=6348 ok=1
Cmd: preprocessCompute
  insize=5804 outsize=5806 ok=1
Cmd: preprocess
  insize=39446 outsize=617 ok=1
Cmd: preprocessCompute
  insize=6346 outsize=6348 ok=1
Cmd: preprocessCompute
  insize=5804 outsize=5806 ok=1
Cmd: preprocess
  insize=39446 outsize=617 ok=1
Cmd: preprocessCompute
  insize=6971 outsize=6973 ok=1
Cmd: compileComputeKernel
  api=4 insize=6973 outsize=2235 ok=1
Cmd: preprocessCompute
  insize=8175 outsize=8177 ok=1
Cmd: compileComputeKernel
  api=4 insize=8177 outsize=1538 ok=1
Cmd: preprocess
  insize=42392 outsize=617 ok=1
Cmd: preprocessCompute
  insize=6346 outsize=6348 ok=1
Cmd: preprocessCompute
  insize=5804 outsize=5806 ok=1
Cmd: preprocess
  insize=39446 outsize=617 ok=1
Cmd: preprocessCompute
  insize=6434 outsize=6436 ok=1
Cmd: preprocessCompute
  insize=5804 outsize=5806 ok=1
Cmd: preprocess
  insize=40815 outsize=617 ok=1
Cmd: preprocessCompute
  insize=6434 outsize=6436 ok=1
Cmd: preprocessCompute
  insize=5804 outsize=5806 ok=1
Cmd: preprocess
  insize=40461 outsize=617 ok=1
Cmd: preprocessCompute
  insize=6434 outsize=6436 ok=1
Cmd: preprocessCompute
  insize=5804 outsize=5806 ok=1
Cmd: preprocess
  insize=40461 outsize=617 ok=1
Cmd: preprocessCompute
  insize=6434 outsize=6436 ok=1
Cmd: preprocessCompute
  insize=5804 outsize=5806 ok=1
Cmd: preprocess
  insize=40461 outsize=617 ok=1
Cmd: preprocessCompute
  insize=6434 outsize=6436 ok=1
Cmd: preprocessCompute
  insize=5804 outsize=5806 ok=1
Cmd: preprocess
  insize=40461 outsize=617 ok=1
Cmd: preprocessCompute
  insize=6434 outsize=6436 ok=1
Cmd: preprocessCompute
  insize=5804 outsize=5806 ok=1
Cmd: preprocess
  insize=40461 outsize=617 ok=1
Cmd: preprocessCompute
  insize=6434 outsize=6436 ok=1
Cmd: preprocessCompute
  insize=5804 outsize=5806 ok=1
Cmd: preprocess
  insize=40461 outsize=617 ok=1
Cmd: preprocessCompute
  insize=6434 outsize=6436 ok=1
Cmd: preprocessCompute
  insize=5804 outsize=5806 ok=1
Cmd: preprocess
  insize=40461 outsize=617 ok=1
Cmd: preprocessCompute
  insize=6434 outsize=6436 ok=1
Cmd: preprocessCompute
  insize=5804 outsize=5806 ok=1
Cmd: preprocess
  insize=40461 outsize=617 ok=1
Cmd: preprocessCompute
  insize=6434 outsize=6436 ok=1
Cmd: preprocessCompute
  insize=5804 outsize=5806 ok=1
Cmd: preprocess
  insize=40461 outsize=617 ok=1
Cmd: preprocessCompute
  insize=6434 outsize=6436 ok=1
Cmd: preprocessCompute
  insize=5804 outsize=5806 ok=1
Cmd: preprocess
  insize=40461 outsize=617 ok=1
Cmd: preprocessCompute
  insize=6434 outsize=6436 ok=1
Cmd: preprocessCompute
  insize=5804 outsize=5806 ok=1
Cmd: preprocess
  insize=40461 outsize=617 ok=1
Cmd: preprocessCompute
  insize=6434 outsize=6436 ok=1
Cmd: preprocessCompute
  insize=5804 outsize=5806 ok=1
Cmd: preprocess
  insize=40461 outsize=617 ok=1
Cmd: preprocessCompute
  insize=6434 outsize=6436 ok=1
Cmd: preprocessCompute
  insize=5804 outsize=5806 ok=1
Cmd: preprocess
  insize=40461 outsize=617 ok=1
Cmd: preprocessCompute
  insize=6434 outsize=6436 ok=1
Cmd: preprocessCompute
  insize=5804 outsize=5806 ok=1
Cmd: preprocess
  insize=40461 outsize=617 ok=1
Cmd: preprocessCompute
  insize=6434 outsize=6436 ok=1
Cmd: preprocessCompute
  insize=5804 outsize=5806 ok=1
Cmd: preprocess
  insize=40461 outsize=617 ok=1
Cmd: preprocessCompute
  insize=6434 outsize=6436 ok=1
Cmd: preprocessCompute
  insize=5804 outsize=5806 ok=1
Cmd: preprocess
  insize=40461 outsize=617 ok=1
Cmd: preprocessCompute
  insize=6434 outsize=6436 ok=1
Cmd: preprocessCompute
  insize=5804 outsize=5806 ok=1
Cmd: preprocess
  insize=40461 outsize=617 ok=1
Cmd: preprocessCompute
  insize=6434 outsize=6436 ok=1
Cmd: preprocessCompute
  insize=5804 outsize=5806 ok=1
Cmd: preprocess
  insize=40461 outsize=617 ok=1
Cmd: preprocessCompute
  insize=6434 outsize=6436 ok=1
Cmd: preprocessCompute
  insize=5804 outsize=5806 ok=1
Cmd: preprocess
  insize=40461 outsize=617 ok=1
Cmd: preprocessCompute
  insize=6434 outsize=6436 ok=1
Cmd: preprocessCompute
  insize=5804 outsize=5806 ok=1
Cmd: preprocess
  insize=40461 outsize=617 ok=1
Cmd: preprocessCompute
  insize=6346 outsize=6348 ok=1
Cmd: preprocessCompute
  insize=5804 outsize=5806 ok=1
Cmd: preprocess
  insize=39446 outsize=617 ok=1
Cmd: preprocessCompute
  insize=7429 outsize=7431 ok=1
Cmd: compileComputeKernel
  api=4 insize=7431 outsize=2833 ok=1
Cmd: preprocessCompute
  insize=5804 outsize=5806 ok=1
Cmd: compileComputeKernel
  api=4 insize=5806 outsize=1402 ok=1
Cmd: preprocess
  insize=40046 outsize=618 ok=1
Cmd: preprocessCompute
  insize=6880 outsize=6882 ok=1
Cmd: compileComputeKernel
  api=4 insize=6882 outsize=2477 ok=1
Cmd: preprocessCompute
  insize=5804 outsize=5806 ok=1
Cmd: compileComputeKernel
  api=4 insize=5806 outsize=1402 ok=1
Cmd: preprocess
  insize=39646 outsize=618 ok=1
Cmd: preprocessCompute
  insize=6880 outsize=6882 ok=1
Cmd: preprocessCompute
  insize=5804 outsize=5806 ok=1
Cmd: preprocess
  insize=39646 outsize=618 ok=1
Cmd: preprocessCompute
  insize=6880 outsize=6882 ok=1
Cmd: preprocessCompute
  insize=5804 outsize=5806 ok=1
Cmd: preprocess
  insize=39646 outsize=618 ok=1
Cmd: preprocessCompute
  insize=6880 outsize=6882 ok=1
Cmd: preprocessCompute
  insize=5804 outsize=5806 ok=1
Cmd: preprocess
  insize=39646 outsize=618 ok=1
Cmd: preprocessCompute
  insize=6880 outsize=6882 ok=1
Cmd: preprocessCompute
  insize=5804 outsize=5806 ok=1
Cmd: preprocess
  insize=39646 outsize=618 ok=1
Cmd: preprocessCompute
  insize=6880 outsize=6882 ok=1
Cmd: preprocessCompute
  insize=5804 outsize=5806 ok=1
Cmd: preprocess
  insize=39646 outsize=618 ok=1
Cmd: preprocessCompute
  insize=6880 outsize=6882 ok=1
Cmd: preprocessCompute
  insize=5804 outsize=5806 ok=1
Cmd: preprocess
  insize=39646 outsize=618 ok=1
Cmd: preprocessCompute
  insize=6880 outsize=6882 ok=1
Cmd: preprocessCompute
  insize=5804 outsize=5806 ok=1
Cmd: preprocess
  insize=39646 outsize=618 ok=1
Cmd: preprocessCompute
  insize=6880 outsize=6882 ok=1
Cmd: preprocessCompute
  insize=5804 outsize=5806 ok=1
Cmd: preprocess
  insize=39646 outsize=618 ok=1
Cmd: preprocessCompute
  insize=6880 outsize=6882 ok=1
Cmd: preprocessCompute
  insize=5804 outsize=5806 ok=1
Cmd: preprocess
  insize=39646 outsize=618 ok=1
Cmd: preprocessCompute
  insize=6880 outsize=6882 ok=1
Cmd: preprocessCompute
  insize=5804 outsize=5806 ok=1
Cmd: preprocess
  insize=39646 outsize=618 ok=1
Cmd: preprocessCompute
  insize=6880 outsize=6882 ok=1
Cmd: preprocessCompute
  insize=5804 outsize=5806 ok=1
Cmd: preprocess
  insize=39646 outsize=618 ok=1
Cmd: preprocessCompute
  insize=6880 outsize=6882 ok=1
Cmd: preprocessCompute
  insize=5804 outsize=5806 ok=1
Cmd: preprocess
  insize=39646 outsize=618 ok=1
Cmd: preprocessCompute
  insize=6880 outsize=6882 ok=1
Cmd: preprocessCompute
  insize=5804 outsize=5806 ok=1
Cmd: preprocess
  insize=39646 outsize=618 ok=1
Cmd: preprocessCompute
  insize=6880 outsize=6882 ok=1
Cmd: preprocessCompute
  insize=5804 outsize=5806 ok=1
Cmd: preprocess
  insize=39646 outsize=618 ok=1
Cmd: preprocessCompute
  insize=6880 outsize=6882 ok=1
Cmd: preprocessCompute
  insize=5804 outsize=5806 ok=1
Cmd: preprocess
  insize=39646 outsize=618 ok=1
Cmd: preprocessCompute
  insize=6880 outsize=6882 ok=1
Cmd: preprocessCompute
  insize=5804 outsize=5806 ok=1
Cmd: preprocess
  insize=39646 outsize=618 ok=1
Cmd: preprocessCompute
  insize=6880 outsize=6882 ok=1
Cmd: preprocessCompute
  insize=5804 outsize=5806 ok=1
Cmd: preprocess
  insize=39646 outsize=618 ok=1
Cmd: preprocessCompute
  insize=6880 outsize=6882 ok=1
Cmd: preprocessCompute
  insize=5804 outsize=5806 ok=1
Cmd: preprocess
  insize=39646 outsize=618 ok=1
Cmd: preprocessCompute
  insize=6880 outsize=6882 ok=1
Cmd: preprocessCompute
  insize=5804 outsize=5806 ok=1
Cmd: preprocess
  insize=39646 outsize=618 ok=1
Cmd: preprocessCompute
  insize=6880 outsize=6882 ok=1
Cmd: preprocessCompute
  insize=5804 outsize=5806 ok=1
Cmd: preprocess
  insize=39646 outsize=618 ok=1
Cmd: preprocessCompute
  insize=6880 outsize=6882 ok=1
Cmd: preprocessCompute
  insize=5804 outsize=5806 ok=1
Cmd: preprocess
  insize=39646 outsize=618 ok=1
Cmd: preprocessCompute
  insize=6880 outsize=6882 ok=1
Cmd: preprocessCompute
  insize=5804 outsize=5806 ok=1
Cmd: preprocess
  insize=39646 outsize=618 ok=1
Cmd: preprocessCompute
  insize=6880 outsize=6882 ok=1
Cmd: preprocessCompute
  insize=5804 outsize=5806 ok=1
Cmd: preprocess
  insize=39646 outsize=618 ok=1
Cmd: preprocessCompute
  insize=6880 outsize=6882 ok=1
Cmd: preprocessCompute
  insize=5804 outsize=5806 ok=1
Cmd: preprocess
  insize=39646 outsize=618 ok=1
Cmd: preprocessCompute
  insize=6865 outsize=6867 ok=1
Cmd: compileComputeKernel
  api=4 insize=6867 outsize=2330 ok=1
Cmd: preprocessCompute
  insize=5804 outsize=5806 ok=1
Cmd: preprocess
  insize=39646 outsize=618 ok=1
Cmd: preprocessCompute
  insize=6865 outsize=6867 ok=1
Cmd: preprocessCompute
  insize=5804 outsize=5806 ok=1
Cmd: preprocess
  insize=39646 outsize=618 ok=1
Cmd: preprocessCompute
  insize=6865 outsize=6867 ok=1
Cmd: preprocessCompute
  insize=5804 outsize=5806 ok=1
Cmd: preprocess
  insize=39646 outsize=618 ok=1
Cmd: preprocessCompute
  insize=6865 outsize=6867 ok=1
Cmd: preprocessCompute
  insize=5804 outsize=5806 ok=1
Cmd: preprocess
  insize=39646 outsize=618 ok=1
Cmd: preprocessCompute
  insize=6865 outsize=6867 ok=1
Cmd: preprocessCompute
  insize=5804 outsize=5806 ok=1
Cmd: preprocess
  insize=39646 outsize=618 ok=1
Cmd: preprocessCompute
  insize=6880 outsize=6882 ok=1
Cmd: preprocessCompute
  insize=5804 outsize=5806 ok=1
Cmd: preprocess
  insize=39646 outsize=618 ok=1
Cmd: preprocessCompute
  insize=6880 outsize=6882 ok=1
Cmd: preprocessCompute
  insize=5804 outsize=5806 ok=1
Cmd: preprocess
  insize=39646 outsize=618 ok=1
Cmd: preprocessCompute
  insize=6880 outsize=6882 ok=1
Cmd: preprocessCompute
  insize=5804 outsize=5806 ok=1
Cmd: preprocess
  insize=39646 outsize=618 ok=1
Cmd: preprocessCompute
  insize=6880 outsize=6882 ok=1
Cmd: preprocessCompute
  insize=5804 outsize=5806 ok=1
Cmd: preprocess
  insize=39646 outsize=618 ok=1
Cmd: preprocessCompute
  insize=6880 outsize=6882 ok=1
Cmd: preprocessCompute
  insize=5804 outsize=5806 ok=1
Cmd: preprocess
  insize=39646 outsize=618 ok=1
Cmd: preprocessCompute
  insize=6880 outsize=6882 ok=1
Cmd: preprocessCompute
  insize=5804 outsize=5806 ok=1
Cmd: preprocess
  insize=39646 outsize=618 ok=1
Cmd: preprocessCompute
  insize=6880 outsize=6882 ok=1
Cmd: preprocessCompute
  insize=5804 outsize=5806 ok=1
Cmd: preprocess
  insize=39646 outsize=618 ok=1
Cmd: preprocessCompute
  insize=6880 outsize=6882 ok=1
Cmd: preprocessCompute
  insize=5804 outsize=5806 ok=1
Cmd: preprocess
  insize=39646 outsize=618 ok=1
Cmd: preprocessCompute
  insize=6880 outsize=6882 ok=1
Cmd: preprocessCompute
  insize=5804 outsize=5806 ok=1
Cmd: preprocess
  insize=39646 outsize=618 ok=1
Cmd: preprocessCompute
  insize=6880 outsize=6882 ok=1
Cmd: preprocessCompute
  insize=5804 outsize=5806 ok=1
Cmd: preprocess
  insize=39646 outsize=618 ok=1
Cmd: preprocessCompute
  insize=6880 outsize=6882 ok=1
Cmd: preprocessCompute
  insize=5804 outsize=5806 ok=1
Cmd: preprocess
  insize=39646 outsize=618 ok=1
Cmd: preprocessCompute
  insize=6880 outsize=6882 ok=1
Cmd: preprocessCompute
  insize=5804 outsize=5806 ok=1
Cmd: preprocess
  insize=39646 outsize=618 ok=1
Cmd: preprocessCompute
  insize=6880 outsize=6882 ok=1
Cmd: preprocessCompute
  insize=5804 outsize=5806 ok=1
Cmd: preprocess
  insize=39646 outsize=618 ok=1
Cmd: preprocessCompute
  insize=7079 outsize=7081 ok=1
Cmd: compileComputeKernel
  api=4 insize=7081 outsize=2533 ok=1
Cmd: preprocessCompute
  insize=6949 outsize=6951 ok=1
Cmd: compileComputeKernel
  api=4 insize=6951 outsize=1572 ok=1
Cmd: preprocess
  insize=39646 outsize=618 ok=1
Cmd: preprocessCompute
  insize=7079 outsize=7081 ok=1
Cmd: preprocessCompute
  insize=6949 outsize=6951 ok=1
Cmd: preprocess
  insize=39646 outsize=618 ok=1
Cmd: preprocessCompute
  insize=7079 outsize=7081 ok=1
Cmd: preprocessCompute
  insize=6949 outsize=6951 ok=1
Cmd: preprocess
  insize=39646 outsize=618 ok=1
Cmd: preprocessCompute
  insize=7079 outsize=7081 ok=1
Cmd: preprocessCompute
  insize=6949 outsize=6951 ok=1
Cmd: preprocess
  insize=39646 outsize=618 ok=1
Cmd: preprocessCompute
  insize=7079 outsize=7081 ok=1
Cmd: preprocessCompute
  insize=6949 outsize=6951 ok=1
Cmd: preprocess
  insize=39646 outsize=618 ok=1
Cmd: preprocessCompute
  insize=7079 outsize=7081 ok=1
Cmd: preprocessCompute
  insize=7002 outsize=7004 ok=1
Cmd: compileComputeKernel
  api=4 insize=7004 outsize=1572 ok=1
Cmd: preprocess
  insize=39646 outsize=618 ok=1
Cmd: preprocessCompute
  insize=7079 outsize=7081 ok=1
Cmd: preprocessCompute
  insize=7350 outsize=7352 ok=1
Cmd: compileComputeKernel
  api=4 insize=7352 outsize=1994 ok=1
Cmd: preprocess
  insize=39646 outsize=618 ok=1
Cmd: preprocessCompute
  insize=4204 outsize=4206 ok=1
Cmd: preprocessCompute
  insize=3485 outsize=3487 ok=1
Cmd: preprocess
  insize=34924 outsize=630 ok=1
Cmd: preprocessCompute
  insize=1896 outsize=1898 ok=1
Cmd: preprocessCompute
  insize=7079 outsize=7081 ok=1
Cmd: preprocessCompute
  insize=7350 outsize=7352 ok=1
Cmd: preprocess
  insize=39646 outsize=618 ok=1
Cmd: preprocessCompute
  insize=5206 outsize=5208 ok=1
Cmd: preprocessCompute
  insize=4908 outsize=4910 ok=1
Cmd: preprocess
  insize=35112 outsize=630 ok=1
Cmd: preprocessCompute
  insize=1926 outsize=1928 ok=1
Cmd: preprocessCompute
  insize=7079 outsize=7081 ok=1
Cmd: preprocessCompute
  insize=7350 outsize=7352 ok=1
Cmd: preprocess
  insize=39646 outsize=618 ok=1
Cmd: preprocessCompute
  insize=5206 outsize=5208 ok=1
Cmd: preprocessCompute
  insize=4908 outsize=4910 ok=1
Cmd: preprocess
  insize=35112 outsize=630 ok=1
Cmd: preprocessCompute
  insize=1926 outsize=1928 ok=1
Cmd: preprocessCompute
  insize=7079 outsize=7081 ok=1
Cmd: preprocessCompute
  insize=7350 outsize=7352 ok=1
Cmd: preprocess
  insize=39646 outsize=618 ok=1
Cmd: preprocessCompute
  insize=5206 outsize=5208 ok=1
Cmd: preprocessCompute
  insize=4908 outsize=4910 ok=1
Cmd: preprocess
  insize=35112 outsize=630 ok=1
Cmd: preprocessCompute
  insize=1926 outsize=1928 ok=1
Cmd: preprocessCompute
  insize=7079 outsize=7081 ok=1
Cmd: preprocessCompute
  insize=7350 outsize=7352 ok=1
Cmd: preprocess
  insize=39646 outsize=618 ok=1
Cmd: preprocessCompute
  insize=5206 outsize=5208 ok=1
Cmd: preprocessCompute
  insize=4908 outsize=4910 ok=1
Cmd: preprocess
  insize=35112 outsize=630 ok=1
Cmd: preprocessCompute
  insize=1926 outsize=1928 ok=1
Cmd: preprocessCompute
  insize=7079 outsize=7081 ok=1
Cmd: preprocessCompute
  insize=7350 outsize=7352 ok=1
Cmd: preprocess
  insize=39646 outsize=618 ok=1
Cmd: preprocessCompute
  insize=5206 outsize=5208 ok=1
Cmd: preprocessCompute
  insize=4908 outsize=4910 ok=1
Cmd: preprocess
  insize=35112 outsize=630 ok=1
Cmd: preprocessCompute
  insize=1926 outsize=1928 ok=1
Cmd: preprocessCompute
  insize=7079 outsize=7081 ok=1
Cmd: preprocessCompute
  insize=7350 outsize=7352 ok=1
Cmd: preprocess
  insize=39646 outsize=618 ok=1
Cmd: preprocessCompute
  insize=5206 outsize=5208 ok=1
Cmd: preprocessCompute
  insize=4908 outsize=4910 ok=1
Cmd: preprocess
  insize=35112 outsize=630 ok=1
Cmd: preprocessCompute
  insize=1926 outsize=1928 ok=1
Cmd: preprocessCompute
  insize=7079 outsize=7081 ok=1
Cmd: preprocessCompute
  insize=7350 outsize=7352 ok=1
Cmd: preprocess
  insize=39646 outsize=618 ok=1
Cmd: preprocessCompute
  insize=5206 outsize=5208 ok=1
Cmd: preprocessCompute
  insize=4908 outsize=4910 ok=1
Cmd: preprocess
  insize=35112 outsize=630 ok=1
Cmd: preprocessCompute
  insize=1926 outsize=1928 ok=1
Cmd: preprocessCompute
  insize=7079 outsize=7081 ok=1
Cmd: preprocessCompute
  insize=7350 outsize=7352 ok=1
Cmd: preprocess
  insize=39646 outsize=618 ok=1
Cmd: preprocessCompute
  insize=5206 outsize=5208 ok=1
Cmd: preprocessCompute
  insize=4908 outsize=4910 ok=1
Cmd: preprocess
  insize=35112 outsize=630 ok=1
Cmd: preprocessCompute
  insize=1926 outsize=1928 ok=1
Cmd: preprocessCompute
  insize=7079 outsize=7081 ok=1
Cmd: preprocessCompute
  insize=7350 outsize=7352 ok=1
Cmd: preprocess
  insize=39646 outsize=618 ok=1
Cmd: preprocessCompute
  insize=5206 outsize=5208 ok=1
Cmd: preprocessCompute
  insize=4908 outsize=4910 ok=1
Cmd: preprocess
  insize=35112 outsize=630 ok=1
Cmd: preprocessCompute
  insize=1926 outsize=1928 ok=1
Cmd: preprocessCompute
  insize=7079 outsize=7081 ok=1
Cmd: preprocessCompute
  insize=7350 outsize=7352 ok=1
Cmd: preprocess
  insize=39646 outsize=618 ok=1
Cmd: preprocessCompute
  insize=5206 outsize=5208 ok=1
Cmd: preprocessCompute
  insize=4908 outsize=4910 ok=1
Cmd: preprocess
  insize=35112 outsize=630 ok=1
Cmd: preprocessCompute
  insize=1926 outsize=1928 ok=1
Cmd: preprocessCompute
  insize=7079 outsize=7081 ok=1
Cmd: preprocessCompute
  insize=7350 outsize=7352 ok=1
Cmd: preprocess
  insize=39646 outsize=618 ok=1
Cmd: preprocessCompute
  insize=5206 outsize=5208 ok=1
Cmd: preprocessCompute
  insize=4908 outsize=4910 ok=1
Cmd: preprocess
  insize=35112 outsize=630 ok=1
Cmd: preprocessCompute
  insize=1926 outsize=1928 ok=1
Cmd: preprocessCompute
  insize=7079 outsize=7081 ok=1
Cmd: preprocessCompute
  insize=7350 outsize=7352 ok=1
Cmd: preprocess
  insize=39646 outsize=618 ok=1
Cmd: preprocessCompute
  insize=5206 outsize=5208 ok=1
Cmd: preprocessCompute
  insize=4908 outsize=4910 ok=1
Cmd: preprocess
  insize=35112 outsize=630 ok=1
Cmd: preprocessCompute
  insize=1926 outsize=1928 ok=1
Cmd: preprocessCompute
  insize=7079 outsize=7081 ok=1
Cmd: preprocessCompute
  insize=7350 outsize=7352 ok=1
Cmd: preprocess
  insize=39646 outsize=618 ok=1
Cmd: preprocessCompute
  insize=5685 outsize=5687 ok=1
Cmd: preprocessCompute
  insize=4912 outsize=4914 ok=1
Cmd: preprocess
  insize=35268 outsize=630 ok=1
Cmd: preprocessCompute
  insize=1926 outsize=1928 ok=1
Cmd: preprocessCompute
  insize=7079 outsize=7081 ok=1
Cmd: preprocessCompute
  insize=7350 outsize=7352 ok=1
Cmd: preprocess
  insize=39646 outsize=618 ok=1
Cmd: preprocessCompute
  insize=7495 outsize=7497 ok=1
Cmd: compileComputeKernel
  api=4 insize=7497 outsize=2708 ok=1
Cmd: preprocessCompute
  insize=7553 outsize=7555 ok=1
Cmd: compileComputeKernel
  api=4 insize=7555 outsize=1804 ok=1
Cmd: preprocess
  insize=35860 outsize=629 ok=1
Cmd: preprocessCompute
  insize=1926 outsize=1928 ok=1
Cmd: preprocessCompute
  insize=7079 outsize=7081 ok=1
Cmd: preprocessCompute
  insize=7350 outsize=7352 ok=1
Cmd: preprocess
  insize=39646 outsize=618 ok=1
Cmd: preprocessCompute
  insize=7495 outsize=7497 ok=1
Cmd: preprocessCompute
  insize=7553 outsize=7555 ok=1
Cmd: preprocess
  insize=35860 outsize=629 ok=1
Cmd: preprocessCompute
  insize=1926 outsize=1928 ok=1
Cmd: preprocessCompute
  insize=7079 outsize=7081 ok=1
Cmd: preprocessCompute
  insize=7350 outsize=7352 ok=1
Cmd: preprocess
  insize=39646 outsize=618 ok=1
Cmd: preprocessCompute
  insize=7495 outsize=7497 ok=1
Cmd: preprocessCompute
  insize=7553 outsize=7555 ok=1
Cmd: preprocess
  insize=35860 outsize=629 ok=1
Cmd: preprocessCompute
  insize=1926 outsize=1928 ok=1
Cmd: preprocessCompute
  insize=7079 outsize=7081 ok=1
Cmd: preprocessCompute
  insize=7350 outsize=7352 ok=1
Cmd: preprocess
  insize=39646 outsize=618 ok=1
Cmd: preprocessCompute
  insize=7495 outsize=7497 ok=1
Cmd: preprocessCompute
  insize=7553 outsize=7555 ok=1
Cmd: preprocess
  insize=35860 outsize=629 ok=1
Cmd: preprocessCompute
  insize=1926 outsize=1928 ok=1
Cmd: preprocessCompute
  insize=7079 outsize=7081 ok=1
Cmd: preprocessCompute
  insize=7350 outsize=7352 ok=1
Cmd: preprocess
  insize=39646 outsize=618 ok=1
Cmd: preprocessCompute
  insize=7495 outsize=7497 ok=1
Cmd: preprocessCompute
  insize=7553 outsize=7555 ok=1
Cmd: preprocess
  insize=35860 outsize=629 ok=1
Cmd: preprocessCompute
  insize=1926 outsize=1928 ok=1
Cmd: preprocessCompute
  insize=7079 outsize=7081 ok=1
Cmd: preprocessCompute
  insize=7350 outsize=7352 ok=1
Cmd: preprocess
  insize=39646 outsize=618 ok=1
Cmd: preprocessCompute
  insize=5685 outsize=5687 ok=1
Cmd: preprocessCompute
  insize=4912 outsize=4914 ok=1
Cmd: preprocess
  insize=35268 outsize=630 ok=1
Cmd: preprocessCompute
  insize=1926 outsize=1928 ok=1
Cmd: preprocessCompute
  insize=7079 outsize=7081 ok=1
Cmd: preprocessCompute
  insize=7350 outsize=7352 ok=1
Cmd: preprocess
  insize=39646 outsize=618 ok=1
Cmd: preprocessCompute
  insize=6440 outsize=6442 ok=1
Cmd: compileComputeKernel
  api=4 insize=6442 outsize=2596 ok=1
Cmd: preprocessCompute
  insize=5818 outsize=5820 ok=1
Cmd: compileComputeKernel
  api=4 insize=5820 outsize=1512 ok=1
Cmd: preprocess
  insize=35530 outsize=631 ok=1
Cmd: preprocessCompute
  insize=1969 outsize=1971 ok=1
Cmd: compileComputeKernel
  api=4 insize=1971 outsize=1398 ok=1
Cmd: preprocessCompute
  insize=7079 outsize=7081 ok=1
Cmd: preprocessCompute
  insize=7350 outsize=7352 ok=1
Cmd: preprocess
  insize=39646 outsize=618 ok=1
Cmd: preprocessCompute
  insize=6440 outsize=6442 ok=1
Cmd: preprocessCompute
  insize=5818 outsize=5820 ok=1
Cmd: preprocess
  insize=35530 outsize=631 ok=1
Cmd: preprocessCompute
  insize=1969 outsize=1971 ok=1
Cmd: preprocessCompute
  insize=7079 outsize=7081 ok=1
Cmd: preprocessCompute
  insize=7350 outsize=7352 ok=1
Cmd: preprocess
  insize=39646 outsize=618 ok=1
Cmd: preprocessCompute
  insize=6440 outsize=6442 ok=1
Cmd: preprocessCompute
  insize=5818 outsize=5820 ok=1
Cmd: preprocess
  insize=35530 outsize=631 ok=1
Cmd: preprocessCompute
  insize=1969 outsize=1971 ok=1
Cmd: preprocessCompute
  insize=7079 outsize=7081 ok=1
Cmd: preprocessCompute
  insize=7350 outsize=7352 ok=1
Cmd: preprocess
  insize=39646 outsize=618 ok=1
Cmd: preprocessCompute
  insize=6440 outsize=6442 ok=1
Cmd: preprocessCompute
  insize=5818 outsize=5820 ok=1
Cmd: preprocess
  insize=35530 outsize=631 ok=1
Cmd: preprocessCompute
  insize=1969 outsize=1971 ok=1
Cmd: preprocessCompute
  insize=7079 outsize=7081 ok=1
Cmd: preprocessCompute
  insize=7350 outsize=7352 ok=1
Cmd: preprocess
  insize=39646 outsize=618 ok=1
Cmd: preprocessCompute
  insize=6440 outsize=6442 ok=1
Cmd: preprocessCompute
  insize=5818 outsize=5820 ok=1
Cmd: preprocess
  insize=35530 outsize=631 ok=1
Cmd: preprocessCompute
  insize=1969 outsize=1971 ok=1
Cmd: preprocessCompute
  insize=7079 outsize=7081 ok=1
Cmd: preprocessCompute
  insize=7350 outsize=7352 ok=1
Cmd: preprocess
  insize=39646 outsize=618 ok=1
Cmd: preprocessCompute
  insize=6440 outsize=6442 ok=1
Cmd: preprocessCompute
  insize=5818 outsize=5820 ok=1
Cmd: preprocess
  insize=35530 outsize=631 ok=1
Cmd: preprocessCompute
  insize=1969 outsize=1971 ok=1
Cmd: preprocessCompute
  insize=7079 outsize=7081 ok=1
Cmd: preprocessCompute
  insize=7350 outsize=7352 ok=1
Cmd: preprocess
  insize=39646 outsize=618 ok=1
Cmd: preprocessCompute
  insize=6441 outsize=6443 ok=1
Cmd: compileComputeKernel
  api=4 insize=6443 outsize=2552 ok=1
Cmd: preprocessCompute
  insize=5822 outsize=5824 ok=1
Cmd: compileComputeKernel
  api=4 insize=5824 outsize=1508 ok=1
Cmd: preprocess
  insize=37510 outsize=631 ok=1
Cmd: preprocessCompute
  insize=1969 outsize=1971 ok=1
Cmd: compileComputeKernel
  api=4 insize=1971 outsize=1398 ok=1
Cmd: preprocessCompute
  insize=7079 outsize=7081 ok=1
Cmd: preprocessCompute
  insize=7350 outsize=7352 ok=1
Cmd: preprocess
  insize=39646 outsize=618 ok=1
Cmd: preprocessCompute
  insize=6441 outsize=6443 ok=1
Cmd: preprocessCompute
  insize=5822 outsize=5824 ok=1
Cmd: preprocess
  insize=37510 outsize=631 ok=1
Cmd: preprocessCompute
  insize=1969 outsize=1971 ok=1
Cmd: preprocessCompute
  insize=7079 outsize=7081 ok=1
Cmd: preprocessCompute
  insize=7350 outsize=7352 ok=1
Cmd: preprocess
  insize=39646 outsize=618 ok=1
Cmd: preprocessCompute
  insize=6441 outsize=6443 ok=1
Cmd: preprocessCompute
  insize=5822 outsize=5824 ok=1
Cmd: preprocess
  insize=37510 outsize=631 ok=1
Cmd: preprocessCompute
  insize=1969 outsize=1971 ok=1
Cmd: preprocessCompute
  insize=7079 outsize=7081 ok=1
Cmd: preprocessCompute
  insize=7350 outsize=7352 ok=1
Cmd: preprocess
  insize=39646 outsize=618 ok=1
Cmd: preprocessCompute
  insize=6441 outsize=6443 ok=1
Cmd: preprocessCompute
  insize=5822 outsize=5824 ok=1
Cmd: preprocess
  insize=37510 outsize=631 ok=1
Cmd: preprocessCompute
  insize=1969 outsize=1971 ok=1
Cmd: preprocessCompute
  insize=7079 outsize=7081 ok=1
Cmd: preprocessCompute
  insize=7350 outsize=7352 ok=1
Cmd: preprocess
  insize=39646 outsize=618 ok=1
Cmd: preprocessCompute
  insize=6441 outsize=6443 ok=1
Cmd: preprocessCompute
  insize=5822 outsize=5824 ok=1
Cmd: preprocess
  insize=37510 outsize=631 ok=1
Cmd: preprocessCompute
  insize=1969 outsize=1971 ok=1
Cmd: preprocessCompute
  insize=7079 outsize=7081 ok=1
Cmd: preprocessCompute
  insize=7350 outsize=7352 ok=1
Cmd: preprocess
  insize=39646 outsize=618 ok=1
Cmd: preprocessCompute
  insize=6639 outsize=6641 ok=1
Cmd: compileComputeKernel
  api=4 insize=6641 outsize=2608 ok=1
Cmd: preprocessCompute
  insize=6963 outsize=6965 ok=1
Cmd: compileComputeKernel
  api=4 insize=6965 outsize=1666 ok=1
Cmd: preprocess
  insize=37510 outsize=630 ok=1
Cmd: preprocessCompute
  insize=1969 outsize=1971 ok=1
Cmd: compileComputeKernel
  api=4 insize=1971 outsize=1398 ok=1
Cmd: preprocessCompute
  insize=7079 outsize=7081 ok=1
Cmd: preprocessCompute
  insize=7350 outsize=7352 ok=1
Cmd: preprocess
  insize=39646 outsize=618 ok=1
Cmd: preprocessCompute
  insize=6441 outsize=6443 ok=1
Cmd: preprocessCompute
  insize=5822 outsize=5824 ok=1
Cmd: preprocess
  insize=37510 outsize=631 ok=1
Cmd: preprocessCompute
  insize=1969 outsize=1971 ok=1
Cmd: preprocessCompute
  insize=7079 outsize=7081 ok=1
Cmd: preprocessCompute
  insize=7350 outsize=7352 ok=1
Cmd: preprocess
  insize=39646 outsize=618 ok=1
Cmd: preprocessCompute
  insize=6441 outsize=6443 ok=1
Cmd: compileComputeKernel
  api=4 insize=6443 outsize=2552 ok=1
Cmd: preprocessCompute
  insize=6487 outsize=6489 ok=1
Cmd: compileComputeKernel
  api=4 insize=6489 outsize=1524 ok=1
Cmd: preprocess
  insize=37510 outsize=630 ok=1
Cmd: preprocessCompute
  insize=1969 outsize=1971 ok=1
Cmd: compileComputeKernel
  api=4 insize=1971 outsize=1398 ok=1
Cmd: preprocessCompute
  insize=7079 outsize=7081 ok=1
Cmd: preprocessCompute
  insize=7350 outsize=7352 ok=1
Cmd: preprocess
  insize=39646 outsize=618 ok=1
Cmd: preprocessCompute
  insize=6441 outsize=6443 ok=1
Cmd: preprocessCompute
  insize=6540 outsize=6542 ok=1
Cmd: compileComputeKernel
  api=4 insize=6542 outsize=1524 ok=1
Cmd: preprocess
  insize=37510 outsize=630 ok=1
Cmd: preprocessCompute
  insize=1969 outsize=1971 ok=1
Cmd: preprocessCompute
  insize=7079 outsize=7081 ok=1
Cmd: preprocessCompute
  insize=7350 outsize=7352 ok=1
Cmd: preprocess
  insize=39646 outsize=618 ok=1
Cmd: preprocessCompute
  insize=6441 outsize=6443 ok=1
Cmd: preprocessCompute
  insize=6888 outsize=6890 ok=1
Cmd: compileComputeKernel
  api=4 insize=6890 outsize=1941 ok=1
Cmd: preprocess
  insize=37510 outsize=630 ok=1
Cmd: preprocessCompute
  insize=4204 outsize=4206 ok=1
Cmd: preprocessCompute
  insize=3485 outsize=3487 ok=1
Cmd: preprocess
  insize=34924 outsize=630 ok=1
Cmd: preprocessCompute
  insize=1969 outsize=1971 ok=1
Cmd: preprocessCompute
  insize=1896 outsize=1898 ok=1
Cmd: preprocessCompute
  insize=7079 outsize=7081 ok=1
Cmd: preprocessCompute
  insize=7350 outsize=7352 ok=1
Cmd: preprocess
  insize=39646 outsize=618 ok=1
Cmd: preprocessCompute
  insize=6441 outsize=6443 ok=1
Cmd: preprocessCompute
  insize=6888 outsize=6890 ok=1
Cmd: preprocess
  insize=37510 outsize=630 ok=1
Cmd: preprocessCompute
  insize=4204 outsize=4206 ok=1
Cmd: preprocessCompute
  insize=3485 outsize=3487 ok=1
Cmd: preprocess
  insize=34924 outsize=630 ok=1
Cmd: preprocessCompute
  insize=1969 outsize=1971 ok=1
Cmd: preprocessCompute
  insize=1896 outsize=1898 ok=1
Cmd: preprocessCompute
  insize=7079 outsize=7081 ok=1
Cmd: preprocessCompute
  insize=7350 outsize=7352 ok=1
Cmd: preprocess
  insize=39646 outsize=618 ok=1
Cmd: preprocessCompute
  insize=6441 outsize=6443 ok=1
Cmd: preprocessCompute
  insize=6888 outsize=6890 ok=1
Cmd: preprocess
  insize=37510 outsize=630 ok=1
Cmd: preprocessCompute
  insize=4204 outsize=4206 ok=1
Cmd: preprocessCompute
  insize=3485 outsize=3487 ok=1
Cmd: preprocess
  insize=34924 outsize=630 ok=1
Cmd: preprocessCompute
  insize=1969 outsize=1971 ok=1
Cmd: preprocessCompute
  insize=1896 outsize=1898 ok=1
Cmd: preprocessCompute
  insize=7079 outsize=7081 ok=1
Cmd: preprocessCompute
  insize=7350 outsize=7352 ok=1
Cmd: preprocess
  insize=39646 outsize=618 ok=1
Cmd: preprocessCompute
  insize=6441 outsize=6443 ok=1
Cmd: preprocessCompute
  insize=6888 outsize=6890 ok=1
Cmd: preprocess
  insize=37510 outsize=630 ok=1
Cmd: preprocessCompute
  insize=5206 outsize=5208 ok=1
Cmd: preprocessCompute
  insize=4908 outsize=4910 ok=1
Cmd: preprocess
  insize=35112 outsize=630 ok=1
Cmd: preprocessCompute
  insize=1969 outsize=1971 ok=1
Cmd: preprocessCompute
  insize=1926 outsize=1928 ok=1
Cmd: preprocessCompute
  insize=7079 outsize=7081 ok=1
Cmd: preprocessCompute
  insize=7350 outsize=7352 ok=1
Cmd: preprocess
  insize=39646 outsize=618 ok=1
Cmd: preprocessCompute
  insize=6441 outsize=6443 ok=1
Cmd: preprocessCompute
  insize=6888 outsize=6890 ok=1
Cmd: preprocess
  insize=37510 outsize=630 ok=1
Cmd: preprocessCompute
  insize=5829 outsize=5831 ok=1
Cmd: compileComputeKernel
  api=4 insize=5831 outsize=2590 ok=1
Cmd: preprocessCompute
  insize=4912 outsize=4914 ok=1
Cmd: preprocess
  insize=35268 outsize=630 ok=1
Cmd: preprocessCompute
  insize=1969 outsize=1971 ok=1
Cmd: preprocessCompute
  insize=1926 outsize=1928 ok=1
Cmd: preprocessCompute
  insize=7079 outsize=7081 ok=1
Cmd: preprocessCompute
  insize=7350 outsize=7352 ok=1
Cmd: preprocess
  insize=39646 outsize=618 ok=1
Cmd: preprocessCompute
  insize=6441 outsize=6443 ok=1
Cmd: preprocessCompute
  insize=6888 outsize=6890 ok=1
Cmd: preprocess
  insize=37510 outsize=630 ok=1
Cmd: preprocessCompute
  insize=5206 outsize=5208 ok=1
Cmd: preprocessCompute
  insize=4908 outsize=4910 ok=1
Cmd: preprocess
  insize=35112 outsize=630 ok=1
Cmd: preprocessCompute
  insize=1969 outsize=1971 ok=1
Cmd: preprocessCompute
  insize=1926 outsize=1928 ok=1
Cmd: preprocessCompute
  insize=7079 outsize=7081 ok=1
Cmd: preprocessCompute
  insize=7350 outsize=7352 ok=1
Cmd: preprocess
  insize=39646 outsize=618 ok=1
Cmd: preprocessCompute
  insize=6441 outsize=6443 ok=1
Cmd: preprocessCompute
  insize=6888 outsize=6890 ok=1
Cmd: preprocess
  insize=37510 outsize=630 ok=1
Cmd: preprocessCompute
  insize=5685 outsize=5687 ok=1
Cmd: preprocessCompute
  insize=4912 outsize=4914 ok=1
Cmd: preprocess
  insize=35268 outsize=630 ok=1
Cmd: preprocessCompute
  insize=1969 outsize=1971 ok=1
Cmd: preprocessCompute
  insize=1926 outsize=1928 ok=1
Cmd: preprocessCompute
  insize=7079 outsize=7081 ok=1
Cmd: preprocessCompute
  insize=7350 outsize=7352 ok=1
Cmd: preprocess
  insize=39646 outsize=618 ok=1
Cmd: preprocessCompute
  insize=6441 outsize=6443 ok=1
Cmd: preprocessCompute
  insize=6888 outsize=6890 ok=1
Cmd: preprocess
  insize=37510 outsize=630 ok=1
Cmd: preprocessCompute
  insize=5685 outsize=5687 ok=1
Cmd: preprocessCompute
  insize=4912 outsize=4914 ok=1
Cmd: preprocess
  insize=35268 outsize=630 ok=1
Cmd: preprocessCompute
  insize=1969 outsize=1971 ok=1
Cmd: preprocessCompute
  insize=1926 outsize=1928 ok=1
Cmd: preprocessCompute
  insize=7079 outsize=7081 ok=1
Cmd: preprocessCompute
  insize=7350 outsize=7352 ok=1
Cmd: preprocess
  insize=39646 outsize=618 ok=1
Cmd: preprocessCompute
  insize=6441 outsize=6443 ok=1
Cmd: preprocessCompute
  insize=6888 outsize=6890 ok=1
Cmd: preprocess
  insize=37510 outsize=630 ok=1
Cmd: preprocessCompute
  insize=5685 outsize=5687 ok=1
Cmd: preprocessCompute
  insize=4912 outsize=4914 ok=1
Cmd: preprocess
  insize=35268 outsize=630 ok=1
Cmd: preprocessCompute
  insize=1969 outsize=1971 ok=1
Cmd: preprocessCompute
  insize=1926 outsize=1928 ok=1
Cmd: preprocessCompute
  insize=7079 outsize=7081 ok=1
Cmd: preprocessCompute
  insize=7350 outsize=7352 ok=1
Cmd: preprocess
  insize=39646 outsize=618 ok=1
Cmd: preprocessCompute
  insize=6441 outsize=6443 ok=1
Cmd: preprocessCompute
  insize=6888 outsize=6890 ok=1
Cmd: preprocess
  insize=37510 outsize=630 ok=1
Cmd: preprocessCompute
  insize=6440 outsize=6442 ok=1
Cmd: preprocessCompute
  insize=5818 outsize=5820 ok=1
Cmd: preprocess
  insize=35530 outsize=631 ok=1
Cmd: preprocessCompute
  insize=1969 outsize=1971 ok=1
Cmd: preprocessCompute
  insize=1969 outsize=1971 ok=1
Cmd: preprocessCompute
  insize=7079 outsize=7081 ok=1
Cmd: preprocessCompute
  insize=7350 outsize=7352 ok=1
Cmd: preprocess
  insize=39646 outsize=618 ok=1
Cmd: preprocessCompute
  insize=6441 outsize=6443 ok=1
Cmd: preprocessCompute
  insize=6888 outsize=6890 ok=1
Cmd: preprocess
  insize=37510 outsize=630 ok=1
Cmd: preprocessCompute
  insize=6440 outsize=6442 ok=1
Cmd: compileComputeKernel
  api=4 insize=6442 outsize=2568 ok=1
Cmd: preprocessCompute
  insize=5786 outsize=5788 ok=1
Cmd: compileComputeKernel
  api=4 insize=5788 outsize=1406 ok=1
Cmd: preprocess
  insize=35449 outsize=618 ok=1
Cmd: preprocessCompute
  insize=1969 outsize=1971 ok=1
Cmd: preprocessCompute
  insize=7079 outsize=7081 ok=1
Cmd: preprocessCompute
  insize=7350 outsize=7352 ok=1
Cmd: preprocess
  insize=39646 outsize=618 ok=1
Cmd: preprocessCompute
  insize=6441 outsize=6443 ok=1
Cmd: preprocessCompute
  insize=6888 outsize=6890 ok=1
Cmd: preprocess
  insize=37510 outsize=630 ok=1
Cmd: preprocessCompute
  insize=6441 outsize=6443 ok=1
Cmd: compileComputeKernel
  api=4 insize=6443 outsize=2540 ok=1
Cmd: preprocessCompute
  insize=5790 outsize=5792 ok=1
Cmd: compileComputeKernel
  api=4 insize=5792 outsize=1402 ok=1
Cmd: preprocess
  insize=37429 outsize=616 ok=1
Cmd: preprocessCompute
  insize=1969 outsize=1971 ok=1
Cmd: preprocessCompute
  insize=7079 outsize=7081 ok=1
Cmd: preprocessCompute
  insize=7350 outsize=7352 ok=1
Cmd: preprocess
  insize=39646 outsize=618 ok=1
Cmd: preprocessCompute
  insize=6441 outsize=6443 ok=1
Cmd: preprocessCompute
  insize=6888 outsize=6890 ok=1
Cmd: preprocess
  insize=38692 outsize=630 ok=1
Cmd: preprocessCompute
  insize=6441 outsize=6443 ok=1
Cmd: preprocessCompute
  insize=5790 outsize=5792 ok=1
Cmd: preprocess
  insize=37429 outsize=616 ok=1
Cmd: preprocessCompute
  insize=1969 outsize=1971 ok=1
Cmd: preprocessCompute
  insize=7079 outsize=7081 ok=1
Cmd: preprocessCompute
  insize=7350 outsize=7352 ok=1
Cmd: preprocess
  insize=39646 outsize=618 ok=1
Cmd: preprocessCompute
  insize=6441 outsize=6443 ok=1
Cmd: preprocessCompute
  insize=6888 outsize=6890 ok=1
Cmd: preprocess
  insize=38692 outsize=630 ok=1
Cmd: preprocessCompute
  insize=6441 outsize=6443 ok=1
Cmd: preprocessCompute
  insize=5790 outsize=5792 ok=1
Cmd: preprocess
  insize=38611 outsize=617 ok=1
Cmd: preprocessCompute
  insize=1969 outsize=1971 ok=1
Cmd: preprocessCompute
  insize=7079 outsize=7081 ok=1
Cmd: preprocessCompute
  insize=7350 outsize=7352 ok=1
Cmd: preprocess
  insize=39646 outsize=618 ok=1
Cmd: preprocessCompute
  insize=6441 outsize=6443 ok=1
Cmd: preprocessCompute
  insize=6888 outsize=6890 ok=1
Cmd: preprocess
  insize=38692 outsize=630 ok=1
Cmd: preprocessCompute
  insize=6441 outsize=6443 ok=1
Cmd: preprocessCompute
  insize=5790 outsize=5792 ok=1
Cmd: preprocess
  insize=38611 outsize=617 ok=1
Cmd: preprocessCompute
  insize=1969 outsize=1971 ok=1
Cmd: preprocessCompute
  insize=7079 outsize=7081 ok=1
Cmd: preprocessCompute
  insize=7350 outsize=7352 ok=1
Cmd: preprocess
  insize=39646 outsize=618 ok=1
Cmd: preprocessCompute
  insize=6441 outsize=6443 ok=1
Cmd: preprocessCompute
  insize=6888 outsize=6890 ok=1
Cmd: preprocess
  insize=38692 outsize=630 ok=1
Cmd: preprocessCompute
  insize=6441 outsize=6443 ok=1
Cmd: preprocessCompute
  insize=5790 outsize=5792 ok=1
Cmd: preprocess
  insize=38611 outsize=617 ok=1
Cmd: preprocessCompute
  insize=1969 outsize=1971 ok=1
Cmd: preprocessCompute
  insize=7079 outsize=7081 ok=1
Cmd: preprocessCompute
  insize=7350 outsize=7352 ok=1
Cmd: preprocess
  insize=39646 outsize=618 ok=1
Cmd: preprocessCompute
  insize=6441 outsize=6443 ok=1
Cmd: preprocessCompute
  insize=6888 outsize=6890 ok=1
Cmd: preprocess
  insize=38692 outsize=630 ok=1
Cmd: preprocessCompute
  insize=6440 outsize=6442 ok=1
Cmd: compileComputeKernel
  api=4 insize=6442 outsize=2540 ok=1
Cmd: preprocessCompute
  insize=5788 outsize=5790 ok=1
Cmd: compileComputeKernel
  api=4 insize=5790 outsize=1402 ok=1
Cmd: preprocess
  insize=38611 outsize=617 ok=1
Cmd: preprocessCompute
  insize=1969 outsize=1971 ok=1
Cmd: preprocessCompute
  insize=7079 outsize=7081 ok=1
Cmd: preprocessCompute
  insize=7350 outsize=7352 ok=1
Cmd: preprocess
  insize=39646 outsize=618 ok=1
Cmd: preprocessCompute
  insize=6441 outsize=6443 ok=1
Cmd: preprocessCompute
  insize=6888 outsize=6890 ok=1
Cmd: preprocess
  insize=38692 outsize=630 ok=1
Cmd: preprocessCompute
  insize=6435 outsize=6437 ok=1
Cmd: compileComputeKernel
  api=4 insize=6437 outsize=2540 ok=1
Cmd: preprocessCompute
  insize=5774 outsize=5776 ok=1
Cmd: compileComputeKernel
  api=4 insize=5776 outsize=1402 ok=1
Cmd: preprocess
  insize=38593 outsize=617 ok=1
Cmd: preprocessCompute
  insize=1969 outsize=1971 ok=1
Cmd: preprocessCompute
  insize=7079 outsize=7081 ok=1
Cmd: preprocessCompute
  insize=7350 outsize=7352 ok=1
Cmd: preprocess
  insize=39646 outsize=618 ok=1
Cmd: preprocessCompute
  insize=6441 outsize=6443 ok=1
Cmd: preprocessCompute
  insize=6888 outsize=6890 ok=1
Cmd: preprocess
  insize=38692 outsize=630 ok=1
Cmd: preprocessCompute
  insize=6435 outsize=6437 ok=1
Cmd: preprocessCompute
  insize=5774 outsize=5776 ok=1
Cmd: preprocess
  insize=38593 outsize=617 ok=1
Cmd: preprocessCompute
  insize=1969 outsize=1971 ok=1
Cmd: preprocessCompute
  insize=7079 outsize=7081 ok=1
Cmd: preprocessCompute
  insize=7350 outsize=7352 ok=1
Cmd: preprocess
  insize=39646 outsize=618 ok=1
Cmd: preprocessCompute
  insize=6441 outsize=6443 ok=1
Cmd: preprocessCompute
  insize=6888 outsize=6890 ok=1
Cmd: preprocess
  insize=38692 outsize=630 ok=1
Cmd: preprocessCompute
  insize=6436 outsize=6438 ok=1
Cmd: compileComputeKernel
  api=4 insize=6438 outsize=2540 ok=1
Cmd: preprocessCompute
  insize=5776 outsize=5778 ok=1
Cmd: compileComputeKernel
  api=4 insize=5778 outsize=1402 ok=1
Cmd: preprocess
  insize=38593 outsize=617 ok=1
Cmd: preprocessCompute
  insize=1969 outsize=1971 ok=1
Cmd: preprocessCompute
  insize=7079 outsize=7081 ok=1
Cmd: preprocessCompute
  insize=7350 outsize=7352 ok=1
Cmd: preprocess
  insize=39646 outsize=618 ok=1
Cmd: preprocessCompute
  insize=6441 outsize=6443 ok=1
Cmd: preprocessCompute
  insize=6888 outsize=6890 ok=1
Cmd: preprocess
  insize=38692 outsize=630 ok=1
Cmd: preprocessCompute
  insize=6437 outsize=6439 ok=1
Cmd: compileComputeKernel
  api=4 insize=6439 outsize=2540 ok=1
Cmd: preprocessCompute
  insize=5776 outsize=5778 ok=1
Cmd: compileComputeKernel
  api=4 insize=5778 outsize=1402 ok=1
Cmd: preprocess
  insize=38597 outsize=618 ok=1
Cmd: preprocessCompute
  insize=1969 outsize=1971 ok=1
Cmd: preprocessCompute
  insize=7079 outsize=7081 ok=1
Cmd: preprocessCompute
  insize=7350 outsize=7352 ok=1
Cmd: preprocess
  insize=39646 outsize=618 ok=1
Cmd: preprocessCompute
  insize=6441 outsize=6443 ok=1
Cmd: preprocessCompute
  insize=6888 outsize=6890 ok=1
Cmd: preprocess
  insize=38692 outsize=630 ok=1
Cmd: preprocessCompute
  insize=6437 outsize=6439 ok=1
Cmd: compileComputeKernel
  api=4 insize=6439 outsize=2540 ok=1
Cmd: preprocessCompute
  insize=5776 outsize=5778 ok=1
Cmd: compileComputeKernel
  api=4 insize=5778 outsize=1402 ok=1
Cmd: preprocess
  insize=38597 outsize=617 ok=1
Cmd: preprocessCompute
  insize=1969 outsize=1971 ok=1
Cmd: preprocessCompute
  insize=7079 outsize=7081 ok=1
Cmd: preprocessCompute
  insize=7350 outsize=7352 ok=1
Cmd: preprocess
  insize=39646 outsize=618 ok=1
Cmd: preprocessCompute
  insize=6441 outsize=6443 ok=1
Cmd: preprocessCompute
  insize=6888 outsize=6890 ok=1
Cmd: preprocess
  insize=38692 outsize=630 ok=1
Cmd: preprocessCompute
  insize=6437 outsize=6439 ok=1
Cmd: compileComputeKernel
  api=4 insize=6439 outsize=2540 ok=1
Cmd: preprocessCompute
  insize=5776 outsize=5778 ok=1
Cmd: compileComputeKernel
  api=4 insize=5778 outsize=1402 ok=1
Cmd: preprocess
  insize=38597 outsize=617 ok=1
Cmd: preprocessCompute
  insize=1969 outsize=1971 ok=1
Cmd: preprocessCompute
  insize=7079 outsize=7081 ok=1
Cmd: preprocessCompute
  insize=7350 outsize=7352 ok=1
Cmd: preprocess
  insize=39646 outsize=618 ok=1
Cmd: preprocessCompute
  insize=6441 outsize=6443 ok=1
Cmd: preprocessCompute
  insize=6888 outsize=6890 ok=1
Cmd: preprocess
  insize=38692 outsize=630 ok=1
Cmd: preprocessCompute
  insize=6437 outsize=6439 ok=1
Cmd: preprocessCompute
  insize=5776 outsize=5778 ok=1
Cmd: preprocess
  insize=38597 outsize=618 ok=1
Cmd: preprocessCompute
  insize=1969 outsize=1971 ok=1
Cmd: preprocessCompute
  insize=7079 outsize=7081 ok=1
Cmd: preprocessCompute
  insize=7350 outsize=7352 ok=1
Cmd: preprocess
  insize=39646 outsize=618 ok=1
Cmd: preprocessCompute
  insize=6441 outsize=6443 ok=1
Cmd: preprocessCompute
  insize=6888 outsize=6890 ok=1
Cmd: preprocess
  insize=38692 outsize=630 ok=1
Cmd: preprocessCompute
  insize=6437 outsize=6439 ok=1
Cmd: compileComputeKernel
  api=4 insize=6439 outsize=2540 ok=1
Cmd: preprocessCompute
  insize=5776 outsize=5778 ok=1
Cmd: compileComputeKernel
  api=4 insize=5778 outsize=1402 ok=1
Cmd: preprocess
  insize=38597 outsize=616 ok=1
Cmd: preprocessCompute
  insize=1969 outsize=1971 ok=1
Cmd: preprocessCompute
  insize=7079 outsize=7081 ok=1
Cmd: preprocessCompute
  insize=7350 outsize=7352 ok=1
Cmd: preprocess
  insize=39646 outsize=618 ok=1
Cmd: preprocessCompute
  insize=6441 outsize=6443 ok=1
Cmd: preprocessCompute
  insize=6888 outsize=6890 ok=1
Cmd: preprocess
  insize=38692 outsize=630 ok=1
Cmd: preprocessCompute
  insize=6437 outsize=6439 ok=1
Cmd: preprocessCompute
  insize=5776 outsize=5778 ok=1
Cmd: preprocess
  insize=38597 outsize=618 ok=1
Cmd: preprocessCompute
  insize=1969 outsize=1971 ok=1
Cmd: preprocessCompute
  insize=7079 outsize=7081 ok=1
Cmd: preprocessCompute
  insize=7350 outsize=7352 ok=1
Cmd: preprocess
  insize=39646 outsize=618 ok=1
Cmd: preprocessCompute
  insize=6441 outsize=6443 ok=1
Cmd: preprocessCompute
  insize=6888 outsize=6890 ok=1
Cmd: preprocess
  insize=38692 outsize=630 ok=1
Cmd: preprocessCompute
  insize=7758 outsize=7760 ok=1
Cmd: compileComputeKernel
  api=4 insize=7760 outsize=4499 ok=1
Cmd: preprocessCompute
  insize=5776 outsize=5778 ok=1
Cmd: compileComputeKernel
  api=4 insize=5778 outsize=1402 ok=1
Cmd: preprocess
  insize=39173 outsize=617 ok=1
Cmd: preprocessCompute
  insize=1969 outsize=1971 ok=1
Cmd: preprocessCompute
  insize=7079 outsize=7081 ok=1
Cmd: preprocessCompute
  insize=7350 outsize=7352 ok=1
Cmd: preprocess
  insize=39646 outsize=618 ok=1
Cmd: preprocessCompute
  insize=6441 outsize=6443 ok=1
Cmd: preprocessCompute
  insize=6888 outsize=6890 ok=1
Cmd: preprocess
  insize=38692 outsize=630 ok=1
Cmd: preprocessCompute
  insize=7068 outsize=7070 ok=1
Cmd: compileComputeKernel
  api=4 insize=7070 outsize=3407 ok=1
Cmd: preprocessCompute
  insize=5776 outsize=5778 ok=1
Cmd: compileComputeKernel
  api=4 insize=5778 outsize=1402 ok=1
Cmd: preprocess
  insize=38789 outsize=618 ok=1
Cmd: preprocessCompute
  insize=1969 outsize=1971 ok=1
Cmd: preprocessCompute
  insize=7079 outsize=7081 ok=1
Cmd: preprocessCompute
  insize=7350 outsize=7352 ok=1
Cmd: preprocess
  insize=39646 outsize=618 ok=1
Cmd: preprocessCompute
  insize=6441 outsize=6443 ok=1
Cmd: preprocessCompute
  insize=6888 outsize=6890 ok=1
Cmd: preprocess
  insize=38692 outsize=630 ok=1
Cmd: preprocessCompute
  insize=7758 outsize=7760 ok=1
Cmd: preprocessCompute
  insize=5776 outsize=5778 ok=1
Cmd: preprocess
  insize=39173 outsize=617 ok=1
Cmd: preprocessCompute
  insize=1969 outsize=1971 ok=1
Cmd: preprocessCompute
  insize=7079 outsize=7081 ok=1
Cmd: preprocessCompute
  insize=7350 outsize=7352 ok=1
Cmd: preprocess
  insize=39646 outsize=618 ok=1
Cmd: preprocessCompute
  insize=6441 outsize=6443 ok=1
Cmd: preprocessCompute
  insize=6888 outsize=6890 ok=1
Cmd: preprocess
  insize=38692 outsize=630 ok=1
Cmd: preprocessCompute
  insize=6437 outsize=6439 ok=1
Cmd: preprocessCompute
  insize=5776 outsize=5778 ok=1
Cmd: preprocess
  insize=38597 outsize=618 ok=1
Cmd: preprocessCompute
  insize=1969 outsize=1971 ok=1
Cmd: preprocessCompute
  insize=7079 outsize=7081 ok=1
Cmd: preprocessCompute
  insize=7350 outsize=7352 ok=1
Cmd: preprocess
  insize=39646 outsize=618 ok=1
Cmd: preprocessCompute
  insize=6441 outsize=6443 ok=1
Cmd: preprocessCompute
  insize=6888 outsize=6890 ok=1
Cmd: preprocess
  insize=38692 outsize=630 ok=1
Cmd: preprocessCompute
  insize=7453 outsize=7455 ok=1
Cmd: compileComputeKernel
  api=4 insize=7455 outsize=3146 ok=1
Cmd: preprocessCompute
  insize=5776 outsize=5778 ok=1
Cmd: preprocess
  insize=39173 outsize=617 ok=1
Cmd: preprocessCompute
  insize=1969 outsize=1971 ok=1
Cmd: preprocessCompute
  insize=7079 outsize=7081 ok=1
Cmd: preprocessCompute
  insize=7350 outsize=7352 ok=1
Cmd: preprocess
  insize=39646 outsize=618 ok=1
Cmd: preprocessCompute
  insize=6441 outsize=6443 ok=1
Cmd: preprocessCompute
  insize=6888 outsize=6890 ok=1
Cmd: preprocess
  insize=38692 outsize=630 ok=1
Cmd: preprocessCompute
  insize=6927 outsize=6929 ok=1
Cmd: compileComputeKernel
  api=4 insize=6929 outsize=2826 ok=1
Cmd: preprocessCompute
  insize=5776 outsize=5778 ok=1
Cmd: preprocess
  insize=38789 outsize=618 ok=1
Cmd: preprocessCompute
  insize=1969 outsize=1971 ok=1
Cmd: preprocessCompute
  insize=7079 outsize=7081 ok=1
Cmd: preprocessCompute
  insize=7350 outsize=7352 ok=1
Cmd: preprocess
  insize=39646 outsize=618 ok=1
Cmd: preprocessCompute
  insize=6441 outsize=6443 ok=1
Cmd: preprocessCompute
  insize=6888 outsize=6890 ok=1
Cmd: preprocess
  insize=38692 outsize=630 ok=1
Cmd: preprocessCompute
  insize=6927 outsize=6929 ok=1
Cmd: preprocessCompute
  insize=5776 outsize=5778 ok=1
Cmd: preprocess
  insize=38789 outsize=618 ok=1
Cmd: preprocessCompute
  insize=1969 outsize=1971 ok=1
Cmd: preprocessCompute
  insize=7079 outsize=7081 ok=1
Cmd: preprocessCompute
  insize=7350 outsize=7352 ok=1
Cmd: preprocess
  insize=39646 outsize=618 ok=1
Cmd: preprocessCompute
  insize=6441 outsize=6443 ok=1
Cmd: preprocessCompute
  insize=6888 outsize=6890 ok=1
Cmd: preprocess
  insize=38692 outsize=630 ok=1
Cmd: preprocessCompute
  insize=6927 outsize=6929 ok=1
Cmd: preprocessCompute
  insize=5776 outsize=5778 ok=1
Cmd: preprocess
  insize=38789 outsize=618 ok=1
Cmd: preprocessCompute
  insize=1969 outsize=1971 ok=1
Cmd: preprocessCompute
  insize=7079 outsize=7081 ok=1
Cmd: preprocessCompute
  insize=7350 outsize=7352 ok=1
Cmd: preprocess
  insize=39646 outsize=618 ok=1
Cmd: preprocessCompute
  insize=6441 outsize=6443 ok=1
Cmd: preprocessCompute
  insize=6888 outsize=6890 ok=1
Cmd: preprocess
  insize=38692 outsize=630 ok=1
Cmd: preprocessCompute
  insize=6927 outsize=6929 ok=1
Cmd: preprocessCompute
  insize=5776 outsize=5778 ok=1
Cmd: preprocess
  insize=38789 outsize=618 ok=1
Cmd: preprocessCompute
  insize=1969 outsize=1971 ok=1
Cmd: preprocessCompute
  insize=7131 outsize=7133 ok=1
Cmd: compileComputeKernel
  api=4 insize=7133 outsize=2377 ok=1
Cmd: preprocessCompute
  insize=7380 outsize=7382 ok=1
Cmd: compileComputeKernel
  api=4 insize=7382 outsize=1960 ok=1
Cmd: preprocess
  insize=39646 outsize=618 ok=1
Cmd: preprocessCompute
  insize=6449 outsize=6451 ok=1
Cmd: compileComputeKernel
  api=4 insize=6451 outsize=2250 ok=1
Cmd: preprocessCompute
  insize=6895 outsize=6897 ok=1
Cmd: compileComputeKernel
  api=4 insize=6897 outsize=1906 ok=1
Cmd: preprocess
  insize=38692 outsize=630 ok=1
Cmd: preprocessCompute
  insize=6925 outsize=6927 ok=1
Cmd: compileComputeKernel
  api=4 insize=6927 outsize=2226 ok=1
Cmd: preprocessCompute
  insize=5776 outsize=5778 ok=1
Cmd: preprocess
  insize=38789 outsize=618 ok=1
Cmd: preprocessCompute
  insize=1969 outsize=1971 ok=1
Cmd: preprocessCompute
  insize=7131 outsize=7133 ok=1
Cmd: preprocessCompute
  insize=7380 outsize=7382 ok=1
Cmd: preprocess
  insize=39646 outsize=618 ok=1
Cmd: preprocessCompute
  insize=6449 outsize=6451 ok=1
Cmd: preprocessCompute
  insize=6895 outsize=6897 ok=1
Cmd: preprocess
  insize=38692 outsize=630 ok=1
Cmd: preprocessCompute
  insize=6925 outsize=6927 ok=1
Cmd: preprocessCompute
  insize=5776 outsize=5778 ok=1
Cmd: preprocess
  insize=38789 outsize=618 ok=1
Cmd: preprocessCompute
  insize=1969 outsize=1971 ok=1
